[17:54:51] [ServerMain/INFO]: [bootstrap] Running Java 21 (Java HotSpot(TM) 64-Bit Server VM 21.0.6+8-LTS-188; Oracle Corporation null) on Windows 11 10.0 (amd64)
[17:54:51] [ServerMain/INFO]: [bootstrap] Loading Paper 1.21.4-136-main@e0711af (2025-01-31T12:30:12Z) for Minecraft 1.21.4
[17:54:53] [ServerMain/INFO]: [PluginInitializerManager] Initializing plugins...
[17:54:53] [ServerMain/INFO]: [PluginInitializerManager] Initialized 2 plugins
[17:54:53] [ServerMain/INFO]: [PluginInitializerManager] Bukkit plugins (2):
 - ModelEngine (R4.0.8), MythicMobs (5.8.0-SNAPSHOT-571bd8e1)
[17:55:04] [ServerMain/INFO]: Environment: Environment[sessionHost=https://sessionserver.mojang.com, servicesHost=https://api.minecraftservices.com, name=PROD]
[17:55:10] [ServerMain/INFO]: Loaded 1370 recipes
[17:55:10] [ServerMain/INFO]: Loaded 1481 advancements
[17:55:10] [ServerMain/INFO]: [MCTypeRegistry] Initialising converters for DataConverter...
[17:55:10] [ServerMain/INFO]: [MCTypeRegistry] Finished initialising converters for DataConverter in 454,5ms
[17:55:11] [Server thread/INFO]: Starting minecraft server version 1.21.4
[17:55:11] [Server thread/INFO]: Loading properties
[17:55:11] [Server thread/INFO]: This server is running Paper version 1.21.4-136-main@e0711af (2025-01-31T12:30:12Z) (Implementing API version 1.21.4-R0.1-SNAPSHOT)
[17:55:11] [Server thread/INFO]: [spark] This server bundles the spark profiler. For more information please visit https://docs.papermc.io/paper/profiling
[17:55:11] [Server thread/INFO]: Server Ping Player Sample Count: 12
[17:55:11] [Server thread/INFO]: Using 4 threads for Netty based IO
[17:55:13] [Server thread/INFO]: [MoonriseCommon] Paper is using 2 worker threads, 1 I/O threads
[17:55:13] [Server thread/INFO]: [ChunkTaskScheduler] Chunk system is using population gen parallelism: true
[17:55:14] [Server console handler/ERROR]: [TerminalConsole] Failed to read console input
java.io.IOException: The handle is invalid
	at java.base/java.io.FileInputStream.readBytes(Native Method) ~[?:?]
	at java.base/java.io.FileInputStream.read(FileInputStream.java:287) ~[?:?]
	at java.base/java.io.BufferedInputStream.read1(BufferedInputStream.java:345) ~[?:?]
	at java.base/java.io.BufferedInputStream.implRead(BufferedInputStream.java:420) ~[?:?]
	at java.base/java.io.BufferedInputStream.read(BufferedInputStream.java:399) ~[?:?]
	at java.base/sun.nio.cs.StreamDecoder.readBytes(StreamDecoder.java:350) ~[?:?]
	at java.base/sun.nio.cs.StreamDecoder.implRead(StreamDecoder.java:393) ~[?:?]
	at java.base/sun.nio.cs.StreamDecoder.lockedRead(StreamDecoder.java:217) ~[?:?]
	at java.base/sun.nio.cs.StreamDecoder.read(StreamDecoder.java:171) ~[?:?]
	at java.base/java.io.InputStreamReader.read(InputStreamReader.java:188) ~[?:?]
	at java.base/java.io.BufferedReader.fill(BufferedReader.java:160) ~[?:?]
	at java.base/java.io.BufferedReader.implReadLine(BufferedReader.java:370) ~[?:?]
	at java.base/java.io.BufferedReader.readLine(BufferedReader.java:347) ~[?:?]
	at java.base/java.io.BufferedReader.readLine(BufferedReader.java:436) ~[?:?]
	at net.minecrell.terminalconsole.SimpleTerminalConsole.readCommands(SimpleTerminalConsole.java:180) ~[terminalconsoleappender-1.3.0.jar:?]
	at net.minecrell.terminalconsole.SimpleTerminalConsole.start(SimpleTerminalConsole.java:143) ~[terminalconsoleappender-1.3.0.jar:?]
	at net.minecraft.server.dedicated.DedicatedServer$1.run(DedicatedServer.java:109) ~[paper-1.21.4.jar:1.21.4-136-e0711af]
	Suppressed: java.io.IOException: The handle is invalid
		at java.base/java.io.FileDescriptor.close0(Native Method) ~[?:?]
		at java.base/java.io.FileDescriptor.close(FileDescriptor.java:304) ~[?:?]
		at java.base/java.io.FileInputStream$1.close(FileInputStream.java:526) ~[?:?]
		at java.base/java.io.FileDescriptor.closeAll(FileDescriptor.java:362) ~[?:?]
		at java.base/java.io.FileInputStream.close(FileInputStream.java:524) ~[?:?]
		at java.base/java.io.BufferedInputStream.close(BufferedInputStream.java:618) ~[?:?]
		at java.base/sun.nio.cs.StreamDecoder.implClose(StreamDecoder.java:445) ~[?:?]
		at java.base/sun.nio.cs.StreamDecoder.lockedClose(StreamDecoder.java:266) ~[?:?]
		at java.base/sun.nio.cs.StreamDecoder.close(StreamDecoder.java:251) ~[?:?]
		at java.base/java.io.InputStreamReader.close(InputStreamReader.java:203) ~[?:?]
		at java.base/java.io.BufferedReader.implClose(BufferedReader.java:636) ~[?:?]
		at java.base/java.io.BufferedReader.close(BufferedReader.java:621) ~[?:?]
		at net.minecrell.terminalconsole.SimpleTerminalConsole.readCommands(SimpleTerminalConsole.java:183) ~[terminalconsoleappender-1.3.0.jar:?]
		at net.minecrell.terminalconsole.SimpleTerminalConsole.start(SimpleTerminalConsole.java:143) ~[terminalconsoleappender-1.3.0.jar:?]
		at net.minecraft.server.dedicated.DedicatedServer$1.run(DedicatedServer.java:109) ~[paper-1.21.4.jar:1.21.4-136-e0711af]
[17:55:14] [Server thread/INFO]: Default game type: SURVIVAL
[17:55:14] [Server thread/INFO]: Generating keypair
[17:55:14] [Server thread/INFO]: Starting Minecraft server on *:25565
[17:55:14] [Server thread/INFO]: Using default channel type
[17:55:14] [Server thread/INFO]: Paper: Using Java compression from Velocity.
[17:55:14] [Server thread/INFO]: Paper: Using Java cipher from Velocity.
[17:55:14] [Server thread/INFO]: [SpigotLibraryLoader] [MythicMobs] Loading 4 libraries... please wait
[17:55:15] [Server thread/INFO]: [SpigotLibraryLoader] [MythicMobs] Loaded library C:\Users\lieve\Documents\Github\#slurp\slurp-reborn-ex\libraries\net\kyori\adventure-api\4.16.0\adventure-api-4.16.0.jar
[17:55:15] [Server thread/INFO]: [SpigotLibraryLoader] [MythicMobs] Loaded library C:\Users\lieve\Documents\Github\#slurp\slurp-reborn-ex\libraries\net\kyori\adventure-key\4.16.0\adventure-key-4.16.0.jar
[17:55:15] [Server thread/INFO]: [SpigotLibraryLoader] [MythicMobs] Loaded library C:\Users\lieve\Documents\Github\#slurp\slurp-reborn-ex\libraries\net\kyori\examination-api\1.3.0\examination-api-1.3.0.jar
[17:55:15] [Server thread/INFO]: [SpigotLibraryLoader] [MythicMobs] Loaded library C:\Users\lieve\Documents\Github\#slurp\slurp-reborn-ex\libraries\net\kyori\examination-string\1.3.0\examination-string-1.3.0.jar
[17:55:15] [Server thread/INFO]: [SpigotLibraryLoader] [MythicMobs] Loaded library C:\Users\lieve\Documents\Github\#slurp\slurp-reborn-ex\libraries\org\jetbrains\annotations\24.1.0\annotations-24.1.0.jar
[17:55:15] [Server thread/INFO]: [SpigotLibraryLoader] [MythicMobs] Loaded library C:\Users\lieve\Documents\Github\#slurp\slurp-reborn-ex\libraries\net\kyori\adventure-platform-bukkit\4.3.2\adventure-platform-bukkit-4.3.2.jar
[17:55:15] [Server thread/INFO]: [SpigotLibraryLoader] [MythicMobs] Loaded library C:\Users\lieve\Documents\Github\#slurp\slurp-reborn-ex\libraries\net\kyori\adventure-platform-api\4.3.2\adventure-platform-api-4.3.2.jar
[17:55:15] [Server thread/INFO]: [SpigotLibraryLoader] [MythicMobs] Loaded library C:\Users\lieve\Documents\Github\#slurp\slurp-reborn-ex\libraries\net\kyori\adventure-text-serializer-bungeecord\4.3.2\adventure-text-serializer-bungeecord-4.3.2.jar
[17:55:15] [Server thread/INFO]: [SpigotLibraryLoader] [MythicMobs] Loaded library C:\Users\lieve\Documents\Github\#slurp\slurp-reborn-ex\libraries\net\kyori\adventure-text-serializer-legacy\4.13.1\adventure-text-serializer-legacy-4.13.1.jar
[17:55:15] [Server thread/INFO]: [SpigotLibraryLoader] [MythicMobs] Loaded library C:\Users\lieve\Documents\Github\#slurp\slurp-reborn-ex\libraries\net\kyori\adventure-nbt\4.13.1\adventure-nbt-4.13.1.jar
[17:55:15] [Server thread/INFO]: [SpigotLibraryLoader] [MythicMobs] Loaded library C:\Users\lieve\Documents\Github\#slurp\slurp-reborn-ex\libraries\net\kyori\adventure-text-serializer-gson-legacy-impl\4.13.1\adventure-text-serializer-gson-legacy-impl-4.13.1.jar
[17:55:15] [Server thread/INFO]: [SpigotLibraryLoader] [MythicMobs] Loaded library C:\Users\lieve\Documents\Github\#slurp\slurp-reborn-ex\libraries\net\kyori\adventure-platform-facet\4.3.2\adventure-platform-facet-4.3.2.jar
[17:55:15] [Server thread/INFO]: [SpigotLibraryLoader] [MythicMobs] Loaded library C:\Users\lieve\Documents\Github\#slurp\slurp-reborn-ex\libraries\net\kyori\adventure-platform-viaversion\4.3.2\adventure-platform-viaversion-4.3.2.jar
[17:55:15] [Server thread/INFO]: [SpigotLibraryLoader] [MythicMobs] Loaded library C:\Users\lieve\Documents\Github\#slurp\slurp-reborn-ex\libraries\net\kyori\adventure-text-minimessage\4.16.0\adventure-text-minimessage-4.16.0.jar
[17:55:15] [Server thread/INFO]: [SpigotLibraryLoader] [MythicMobs] Loaded library C:\Users\lieve\Documents\Github\#slurp\slurp-reborn-ex\libraries\net\kyori\adventure-text-serializer-gson\4.16.0\adventure-text-serializer-gson-4.16.0.jar
[17:55:15] [Server thread/INFO]: [SpigotLibraryLoader] [MythicMobs] Loaded library C:\Users\lieve\Documents\Github\#slurp\slurp-reborn-ex\libraries\net\kyori\adventure-text-serializer-json\4.16.0\adventure-text-serializer-json-4.16.0.jar
[17:55:15] [Server thread/INFO]: [SpigotLibraryLoader] [MythicMobs] Loaded library C:\Users\lieve\Documents\Github\#slurp\slurp-reborn-ex\libraries\net\kyori\option\1.0.0\option-1.0.0.jar
[17:55:15] [Server thread/INFO]: [SpigotLibraryLoader] [MythicMobs] Loaded library C:\Users\lieve\Documents\Github\#slurp\slurp-reborn-ex\libraries\com\google\code\gson\gson\2.8.0\gson-2.8.0.jar
[17:55:15] [Server thread/INFO]: [SpigotLibraryLoader] [ModelEngine] Loading 3 libraries... please wait
[17:55:15] [Server thread/INFO]: [SpigotLibraryLoader] [ModelEngine] Loaded library C:\Users\lieve\Documents\Github\#slurp\slurp-reborn-ex\libraries\net\kyori\adventure-api\4.14.0\adventure-api-4.14.0.jar
[17:55:15] [Server thread/INFO]: [SpigotLibraryLoader] [ModelEngine] Loaded library C:\Users\lieve\Documents\Github\#slurp\slurp-reborn-ex\libraries\net\kyori\adventure-key\4.14.0\adventure-key-4.14.0.jar
[17:55:15] [Server thread/INFO]: [SpigotLibraryLoader] [ModelEngine] Loaded library C:\Users\lieve\Documents\Github\#slurp\slurp-reborn-ex\libraries\net\kyori\examination-api\1.3.0\examination-api-1.3.0.jar
[17:55:15] [Server thread/INFO]: [SpigotLibraryLoader] [ModelEngine] Loaded library C:\Users\lieve\Documents\Github\#slurp\slurp-reborn-ex\libraries\net\kyori\examination-string\1.3.0\examination-string-1.3.0.jar
[17:55:15] [Server thread/INFO]: [SpigotLibraryLoader] [ModelEngine] Loaded library C:\Users\lieve\Documents\Github\#slurp\slurp-reborn-ex\libraries\org\jetbrains\annotations\24.0.1\annotations-24.0.1.jar
[17:55:15] [Server thread/INFO]: [SpigotLibraryLoader] [ModelEngine] Loaded library C:\Users\lieve\Documents\Github\#slurp\slurp-reborn-ex\libraries\net\kyori\adventure-text-serializer-gson\4.14.0\adventure-text-serializer-gson-4.14.0.jar
[17:55:15] [Server thread/INFO]: [SpigotLibraryLoader] [ModelEngine] Loaded library C:\Users\lieve\Documents\Github\#slurp\slurp-reborn-ex\libraries\net\kyori\adventure-text-serializer-json\4.14.0\adventure-text-serializer-json-4.14.0.jar
[17:55:15] [Server thread/INFO]: [SpigotLibraryLoader] [ModelEngine] Loaded library C:\Users\lieve\Documents\Github\#slurp\slurp-reborn-ex\libraries\com\google\code\gson\gson\2.8.0\gson-2.8.0.jar
[17:55:15] [Server thread/INFO]: [SpigotLibraryLoader] [ModelEngine] Loaded library C:\Users\lieve\Documents\Github\#slurp\slurp-reborn-ex\libraries\net\kyori\adventure-text-serializer-bungeecord\4.3.0\adventure-text-serializer-bungeecord-4.3.0.jar
[17:55:15] [Server thread/INFO]: [SpigotLibraryLoader] [ModelEngine] Loaded library C:\Users\lieve\Documents\Github\#slurp\slurp-reborn-ex\libraries\net\kyori\adventure-text-serializer-legacy\4.13.0\adventure-text-serializer-legacy-4.13.0.jar
[17:55:15] [Server thread/INFO]: [MythicMobs] Loading server plugin MythicMobs v5.8.0-SNAPSHOT-571bd8e1
[17:55:15] [Server thread/INFO]: [LumineUtils] (io.lumine.mythic.bukkit.utils.) is bound to plugin MythicMobs - io.lumine.mythic.bukkit.MythicBukkit
[17:55:15] [Server thread/INFO]: [MythicMobs] §x§f§f§0§0§0§0M§x§f§f§6§6§0§0y§x§f§f§c§c§0§0t§x§c§b§f§f§0§0h§x§6§5§f§f§0§0i§x§0§0§f§f§0§0c§x§0§0§f§f§6§6 §x§0§0§f§f§c§bE§x§0§0§c§b§f§fn§x§0§0§6§5§f§fa§x§0§0§0§0§f§fb§x§6§6§0§0§f§fl§x§c§c§0§0§f§fe§x§f§f§0§0§c§cd§x§f§f§0§0§6§6!
[17:55:15] [Server thread/INFO]: [ModelEngine] Loading server plugin ModelEngine vR4.0.8
[17:55:15] [Server thread/INFO]: Server permissions file permissions.yml is empty, ignoring it
[17:55:15] [Server thread/INFO]: [ModelEngine] Enabling ModelEngine vR4.0.8
[17:55:16] [Server thread/INFO]: [ModelEngine] [S] Loading cache version: R4.0.8
[17:55:17] [Server thread/INFO]: Preparing level "world"
[17:55:18] [Server thread/INFO]: Preparing start region for dimension minecraft:overworld
[17:55:18] [Server thread/INFO]: Preparing spawn area: 0%
[17:55:20] [Server thread/INFO]: Preparing spawn area: 0%
[17:55:20] [Server thread/INFO]: Preparing spawn area: 0%
[17:55:20] [Server thread/INFO]: Preparing spawn area: 0%
[17:55:20] [Server thread/INFO]: Preparing spawn area: 0%
[17:55:20] [Server thread/INFO]: Time elapsed: 2142 ms
[17:55:20] [Server thread/INFO]: Preparing start region for dimension minecraft:the_nether
[17:55:20] [Server thread/INFO]: Preparing spawn area: 0%
[17:55:20] [Server thread/INFO]: Time elapsed: 209 ms
[17:55:20] [Server thread/INFO]: Preparing start region for dimension minecraft:the_end
[17:55:20] [Server thread/INFO]: Preparing spawn area: 0%
[17:55:20] [Server thread/INFO]: Time elapsed: 138 ms
[17:55:20] [Server thread/INFO]: [MythicMobs] Enabling MythicMobs v5.8.0-SNAPSHOT-571bd8e1
[17:55:21] [Server thread/INFO]: [MythicMobs] Loading MythicMobs for Paper (MC: 1.21.4)...
[17:55:21] [Server thread/INFO]: [MythicMobs] The server is running Paper; enabled Paper exclusive functionality
[17:55:25] [Server thread/INFO]: [MythicMobs] Base directory C:\Users\lieve\Documents\Github\#slurp\slurp-reborn-ex\plugins\MythicMobs\data
[17:55:25] [Server thread/INFO]: [MythicMobs] Module directory C:\Users\lieve\Documents\Github\#slurp\slurp-reborn-ex\plugins\MythicMobs\data\worlds
[17:55:30] [Server thread/INFO]: [MythicMobs] Loading Packs...
[17:55:31] [Server thread/INFO]: [MythicMobs] Loading Items...
[17:55:31] [Server thread/INFO]: [MythicMobs] Loading Item Groups...
[17:55:31] [Server thread/INFO]: [MythicMobs] Loading Skills...
[17:55:32] [Server thread/INFO]: [MythicMobs] Loading Drop Tables...
[17:55:32] [Server thread/INFO]: [MythicMobs] Loading Random Spawns...
[17:55:32] [Server thread/INFO]: [MythicMobs] Loading Spawn Blocks...
[17:55:32] [Server thread/INFO]: [MythicMobs] ✓ Loaded 9 mobs.
[17:55:32] [Server thread/INFO]: [MythicMobs] ✓ Loaded 3 vanilla mob overrides.
[17:55:32] [Server thread/INFO]: [MythicMobs] ✓ Loaded 0 mob stacks.
[17:55:32] [Server thread/INFO]: [MythicMobs] ✓ Loaded 7 skills.
[17:55:32] [Server thread/INFO]: [MythicMobs] ✓ Loaded 0 random spawns.
[17:55:32] [Server thread/INFO]: [MythicMobs] ✓ Loaded 3 mythic items.
[17:55:32] [Server thread/INFO]: [MythicMobs] ✓ Loaded 2 drop tables.
[17:55:32] [Server thread/INFO]: [MythicMobs] ✓ Loaded 0 mob spawners.
[17:55:32] [Server thread/INFO]: [MythicMobs] MythicMobs configuration file loaded successfully.
[17:55:33] [Server thread/INFO]: [MythicMobs] Started up bStats Metrics
[17:55:33] [Server thread/INFO]: [MythicMobs] ✓ MythicMobs Premium v5.8.0 ( build 571bd8e1 ) has been successfully loaded!
[17:55:34] [Server thread/INFO]: [MythicMobs] Model Engine Compatibility Loaded.
[17:55:34] [Server thread/INFO]: [ModelEngine] [S] Compatibility applied: MythicMobs
[17:55:35] [Server thread/INFO]: [spark] Starting background profiler...
[17:55:35] [Server thread/INFO]: [spark] The async-profiler engine is not supported for your os/arch (windows11/amd64), so the built-in Java engine will be used instead.
[17:55:35] [Server thread/INFO]: Done preparing level "world" (18.257s)
[17:55:35] [Server thread/INFO]: Running delayed init tasks
[17:55:35] [Craft Scheduler Thread - 1 - ModelEngine/INFO]: [ModelEngine] [A] 
[17:55:35] [Craft Scheduler Thread - 1 - ModelEngine/INFO]: [ModelEngine] [A] [Importing models]
[17:55:35] [Craft Scheduler Thread - 1 - ModelEngine/INFO]: [ModelEngine] [A] Loading cache version: R4.0.8
[17:55:36] [Server thread/WARN]: [MythicMobs] Error initializing default entity magic values. Please report this.
[17:55:36] [Server thread/WARN]: java.lang.NullPointerException: Cannot invoke "org.bukkit.entity.EntityType.getEntityClass()" because "type" is null
[17:55:36] [Server thread/WARN]: 	at org.bukkit.RegionAccessor.spawnEntity(RegionAccessor.java:407)
[17:55:36] [Server thread/WARN]: 	at MythicMobs-5.8.0-SNAPSHOT.jar//io.lumine.mythic.bukkit.adapters.BukkitEntityType.spawnEntity(BukkitEntityType.java:69)
[17:55:36] [Server thread/WARN]: 	at MythicMobs-5.8.0-SNAPSHOT.jar//io.lumine.mythic.bukkit.entities.BukkitCustom.spawn(BukkitCustom.java:37)
[17:55:36] [Server thread/WARN]: 	at MythicMobs-5.8.0-SNAPSHOT.jar//io.lumine.mythic.api.mobs.entities.MythicEntityType.initializeDefaultValues(MythicEntityType.java:161)
[17:55:36] [Server thread/WARN]: 	at MythicMobs-5.8.0-SNAPSHOT.jar//io.lumine.mythic.bukkit.BukkitBootstrap.initializeMagicEntityValues(BukkitBootstrap.java:472)
[17:55:36] [Server thread/WARN]: 	at MythicMobs-5.8.0-SNAPSHOT.jar//io.lumine.mythic.bukkit.utils.Delegates$RunnableToSupplier.get(Delegates.java:121)
[17:55:36] [Server thread/WARN]: 	at MythicMobs-5.8.0-SNAPSHOT.jar//io.lumine.mythic.bukkit.utils.promise.LuminePromise$SupplyRunnable.run(LuminePromise.java:654)
[17:55:36] [Server thread/WARN]: 	at MythicMobs-5.8.0-SNAPSHOT.jar//io.lumine.mythic.bukkit.utils.tasks.LumineExecutors$SchedulerWrappedRunnable.run(LumineExecutors.java:70)
[17:55:36] [Server thread/WARN]: 	at org.bukkit.craftbukkit.scheduler.CraftTask.run(CraftTask.java:78)
[17:55:36] [Server thread/WARN]: 	at org.bukkit.craftbukkit.scheduler.CraftScheduler.mainThreadHeartbeat(CraftScheduler.java:474)
[17:55:36] [Server thread/WARN]: 	at net.minecraft.server.MinecraftServer.runServer(MinecraftServer.java:1175)
[17:55:36] [Server thread/WARN]: 	at net.minecraft.server.MinecraftServer.lambda$spin$2(MinecraftServer.java:310)
[17:55:36] [Server thread/WARN]: 	at java.base/java.lang.Thread.run(Thread.java:1583)
[17:55:36] [Server thread/WARN]: [MythicMobs] Error initializing default entity magic values. Please report this.
[17:55:36] [Server thread/WARN]: java.lang.IllegalArgumentException: Villager.Profession cannot be null
[17:55:36] [Server thread/WARN]: 	at com.google.common.base.Preconditions.checkArgument(Preconditions.java:143)
[17:55:36] [Server thread/WARN]: 	at org.bukkit.craftbukkit.entity.CraftVillagerZombie.setVillagerProfession(CraftVillagerZombie.java:34)
[17:55:36] [Server thread/WARN]: 	at MythicMobs-5.8.0-SNAPSHOT.jar//io.lumine.mythic.bukkit.entities.BukkitBabyZombieVillager.spawn(BukkitBabyZombieVillager.java:53)
[17:55:36] [Server thread/WARN]: 	at MythicMobs-5.8.0-SNAPSHOT.jar//io.lumine.mythic.api.mobs.entities.MythicEntityType.initializeDefaultValues(MythicEntityType.java:161)
[17:55:36] [Server thread/WARN]: 	at MythicMobs-5.8.0-SNAPSHOT.jar//io.lumine.mythic.bukkit.BukkitBootstrap.initializeMagicEntityValues(BukkitBootstrap.java:472)
[17:55:36] [Server thread/WARN]: 	at MythicMobs-5.8.0-SNAPSHOT.jar//io.lumine.mythic.bukkit.utils.Delegates$RunnableToSupplier.get(Delegates.java:121)
[17:55:36] [Server thread/WARN]: 	at MythicMobs-5.8.0-SNAPSHOT.jar//io.lumine.mythic.bukkit.utils.promise.LuminePromise$SupplyRunnable.run(LuminePromise.java:654)
[17:55:36] [Server thread/WARN]: 	at MythicMobs-5.8.0-SNAPSHOT.jar//io.lumine.mythic.bukkit.utils.tasks.LumineExecutors$SchedulerWrappedRunnable.run(LumineExecutors.java:70)
[17:55:36] [Server thread/WARN]: 	at org.bukkit.craftbukkit.scheduler.CraftTask.run(CraftTask.java:78)
[17:55:36] [Server thread/WARN]: 	at org.bukkit.craftbukkit.scheduler.CraftScheduler.mainThreadHeartbeat(CraftScheduler.java:474)
[17:55:36] [Server thread/WARN]: 	at net.minecraft.server.MinecraftServer.runServer(MinecraftServer.java:1175)
[17:55:36] [Server thread/WARN]: 	at net.minecraft.server.MinecraftServer.lambda$spin$2(MinecraftServer.java:310)
[17:55:36] [Server thread/WARN]: 	at java.base/java.lang.Thread.run(Thread.java:1583)
[17:55:36] [ForkJoinPool-2-worker-1/INFO]: [ModelEngine] [A] 
[17:55:36] [ForkJoinPool-2-worker-1/INFO]: [ModelEngine] [A] Importing forester.bbmodel.
[17:55:36] [Server thread/WARN]: [MythicMobs] Error initializing default entity magic values. Please report this.
[17:55:36] [Server thread/WARN]: java.lang.NoSuchFieldError: Class org.bukkit.entity.EntityType does not have member field 'org.bukkit.entity.EntityType CREAKING_TRANSIENT'
[17:55:36] [Server thread/WARN]: 	at MythicMobs-5.8.0-SNAPSHOT.jar//io.lumine.mythic.bukkit.entities.BukkitCreakingTransient.spawn(BukkitCreakingTransient.java:24)
[17:55:36] [Server thread/WARN]: 	at MythicMobs-5.8.0-SNAPSHOT.jar//io.lumine.mythic.api.mobs.entities.MythicEntityType.initializeDefaultValues(MythicEntityType.java:161)
[17:55:36] [Server thread/WARN]: 	at MythicMobs-5.8.0-SNAPSHOT.jar//io.lumine.mythic.bukkit.BukkitBootstrap.initializeMagicEntityValues(BukkitBootstrap.java:472)
[17:55:36] [Server thread/WARN]: 	at MythicMobs-5.8.0-SNAPSHOT.jar//io.lumine.mythic.bukkit.utils.Delegates$RunnableToSupplier.get(Delegates.java:121)
[17:55:36] [Server thread/WARN]: 	at MythicMobs-5.8.0-SNAPSHOT.jar//io.lumine.mythic.bukkit.utils.promise.LuminePromise$SupplyRunnable.run(LuminePromise.java:654)
[17:55:36] [Server thread/WARN]: 	at MythicMobs-5.8.0-SNAPSHOT.jar//io.lumine.mythic.bukkit.utils.tasks.LumineExecutors$SchedulerWrappedRunnable.run(LumineExecutors.java:70)
[17:55:36] [Server thread/WARN]: 	at org.bukkit.craftbukkit.scheduler.CraftTask.run(CraftTask.java:78)
[17:55:36] [Server thread/WARN]: 	at org.bukkit.craftbukkit.scheduler.CraftScheduler.mainThreadHeartbeat(CraftScheduler.java:474)
[17:55:36] [Server thread/WARN]: 	at net.minecraft.server.MinecraftServer.runServer(MinecraftServer.java:1175)
[17:55:36] [Server thread/WARN]: 	at net.minecraft.server.MinecraftServer.lambda$spin$2(MinecraftServer.java:310)
[17:55:36] [Server thread/WARN]: 	at java.base/java.lang.Thread.run(Thread.java:1583)
[17:55:36] [Server thread/WARN]: [MythicMobs] Error initializing default entity magic values. Please report this.
[17:55:36] [Server thread/WARN]: java.lang.NullPointerException: Cannot invoke "org.bukkit.entity.EntityType.getEntityClass()" because "type" is null
[17:55:36] [Server thread/WARN]: 	at org.bukkit.RegionAccessor.spawnEntity(RegionAccessor.java:407)
[17:55:36] [Server thread/WARN]: 	at MythicMobs-5.8.0-SNAPSHOT.jar//io.lumine.mythic.bukkit.adapters.BukkitEntityType.spawnEntity(BukkitEntityType.java:69)
[17:55:36] [Server thread/WARN]: 	at MythicMobs-5.8.0-SNAPSHOT.jar//io.lumine.mythic.bukkit.entities.BukkitCustom.spawn(BukkitCustom.java:37)
[17:55:36] [Server thread/WARN]: 	at MythicMobs-5.8.0-SNAPSHOT.jar//io.lumine.mythic.api.mobs.entities.MythicEntityType.initializeDefaultValues(MythicEntityType.java:161)
[17:55:36] [Server thread/WARN]: 	at MythicMobs-5.8.0-SNAPSHOT.jar//io.lumine.mythic.bukkit.BukkitBootstrap.initializeMagicEntityValues(BukkitBootstrap.java:472)
[17:55:36] [Server thread/WARN]: 	at MythicMobs-5.8.0-SNAPSHOT.jar//io.lumine.mythic.bukkit.utils.Delegates$RunnableToSupplier.get(Delegates.java:121)
[17:55:36] [Server thread/WARN]: 	at MythicMobs-5.8.0-SNAPSHOT.jar//io.lumine.mythic.bukkit.utils.promise.LuminePromise$SupplyRunnable.run(LuminePromise.java:654)
[17:55:36] [Server thread/WARN]: 	at MythicMobs-5.8.0-SNAPSHOT.jar//io.lumine.mythic.bukkit.utils.tasks.LumineExecutors$SchedulerWrappedRunnable.run(LumineExecutors.java:70)
[17:55:36] [Server thread/WARN]: 	at org.bukkit.craftbukkit.scheduler.CraftTask.run(CraftTask.java:78)
[17:55:36] [Server thread/WARN]: 	at org.bukkit.craftbukkit.scheduler.CraftScheduler.mainThreadHeartbeat(CraftScheduler.java:474)
[17:55:36] [Server thread/WARN]: 	at net.minecraft.server.MinecraftServer.runServer(MinecraftServer.java:1175)
[17:55:36] [Server thread/WARN]: 	at net.minecraft.server.MinecraftServer.lambda$spin$2(MinecraftServer.java:310)
[17:55:36] [Server thread/WARN]: 	at java.base/java.lang.Thread.run(Thread.java:1583)
[17:55:36] [Server thread/WARN]: [MythicMobs] Error initializing default entity magic values. Please report this.
[17:55:36] [Server thread/WARN]: java.lang.NullPointerException: Cannot invoke "org.bukkit.entity.EntityType.getEntityClass()" because "type" is null
[17:55:36] [Server thread/WARN]: 	at org.bukkit.RegionAccessor.spawnEntity(RegionAccessor.java:407)
[17:55:36] [Server thread/WARN]: 	at MythicMobs-5.8.0-SNAPSHOT.jar//io.lumine.mythic.bukkit.adapters.BukkitEntityType.spawnEntity(BukkitEntityType.java:69)
[17:55:36] [Server thread/WARN]: 	at MythicMobs-5.8.0-SNAPSHOT.jar//io.lumine.mythic.bukkit.entities.BukkitCustom.spawn(BukkitCustom.java:37)
[17:55:36] [Server thread/WARN]: 	at MythicMobs-5.8.0-SNAPSHOT.jar//io.lumine.mythic.api.mobs.entities.MythicEntityType.initializeDefaultValues(MythicEntityType.java:161)
[17:55:36] [Server thread/WARN]: 	at MythicMobs-5.8.0-SNAPSHOT.jar//io.lumine.mythic.bukkit.BukkitBootstrap.initializeMagicEntityValues(BukkitBootstrap.java:472)
[17:55:36] [Server thread/WARN]: 	at MythicMobs-5.8.0-SNAPSHOT.jar//io.lumine.mythic.bukkit.utils.Delegates$RunnableToSupplier.get(Delegates.java:121)
[17:55:36] [Server thread/WARN]: 	at MythicMobs-5.8.0-SNAPSHOT.jar//io.lumine.mythic.bukkit.utils.promise.LuminePromise$SupplyRunnable.run(LuminePromise.java:654)
[17:55:36] [Server thread/WARN]: 	at MythicMobs-5.8.0-SNAPSHOT.jar//io.lumine.mythic.bukkit.utils.tasks.LumineExecutors$SchedulerWrappedRunnable.run(LumineExecutors.java:70)
[17:55:36] [Server thread/WARN]: 	at org.bukkit.craftbukkit.scheduler.CraftTask.run(CraftTask.java:78)
[17:55:36] [Server thread/WARN]: 	at org.bukkit.craftbukkit.scheduler.CraftScheduler.mainThreadHeartbeat(CraftScheduler.java:474)
[17:55:36] [Server thread/WARN]: 	at net.minecraft.server.MinecraftServer.runServer(MinecraftServer.java:1175)
[17:55:36] [Server thread/WARN]: 	at net.minecraft.server.MinecraftServer.lambda$spin$2(MinecraftServer.java:310)
[17:55:36] [Server thread/WARN]: 	at java.base/java.lang.Thread.run(Thread.java:1583)
[17:55:36] [Server thread/WARN]: [MythicMobs] Error initializing default entity magic values. Please report this.
[17:55:36] [Server thread/WARN]: java.lang.NullPointerException: Cannot invoke "org.bukkit.entity.EntityType.getEntityClass()" because "type" is null
[17:55:36] [Server thread/WARN]: 	at org.bukkit.RegionAccessor.spawnEntity(RegionAccessor.java:407)
[17:55:36] [Server thread/WARN]: 	at MythicMobs-5.8.0-SNAPSHOT.jar//io.lumine.mythic.bukkit.adapters.BukkitEntityType.spawnEntity(BukkitEntityType.java:69)
[17:55:36] [Server thread/WARN]: 	at MythicMobs-5.8.0-SNAPSHOT.jar//io.lumine.mythic.bukkit.entities.BukkitCustom.spawn(BukkitCustom.java:37)
[17:55:36] [Server thread/WARN]: 	at MythicMobs-5.8.0-SNAPSHOT.jar//io.lumine.mythic.api.mobs.entities.MythicEntityType.initializeDefaultValues(MythicEntityType.java:161)
[17:55:36] [Server thread/WARN]: 	at MythicMobs-5.8.0-SNAPSHOT.jar//io.lumine.mythic.bukkit.BukkitBootstrap.initializeMagicEntityValues(BukkitBootstrap.java:472)
[17:55:36] [Server thread/WARN]: 	at MythicMobs-5.8.0-SNAPSHOT.jar//io.lumine.mythic.bukkit.utils.Delegates$RunnableToSupplier.get(Delegates.java:121)
[17:55:36] [Server thread/WARN]: 	at MythicMobs-5.8.0-SNAPSHOT.jar//io.lumine.mythic.bukkit.utils.promise.LuminePromise$SupplyRunnable.run(LuminePromise.java:654)
[17:55:36] [Server thread/WARN]: 	at MythicMobs-5.8.0-SNAPSHOT.jar//io.lumine.mythic.bukkit.utils.tasks.LumineExecutors$SchedulerWrappedRunnable.run(LumineExecutors.java:70)
[17:55:36] [Server thread/WARN]: 	at org.bukkit.craftbukkit.scheduler.CraftTask.run(CraftTask.java:78)
[17:55:36] [Server thread/WARN]: 	at org.bukkit.craftbukkit.scheduler.CraftScheduler.mainThreadHeartbeat(CraftScheduler.java:474)
[17:55:36] [Server thread/WARN]: 	at net.minecraft.server.MinecraftServer.runServer(MinecraftServer.java:1175)
[17:55:36] [Server thread/WARN]: 	at net.minecraft.server.MinecraftServer.lambda$spin$2(MinecraftServer.java:310)
[17:55:36] [Server thread/WARN]: 	at java.base/java.lang.Thread.run(Thread.java:1583)
[17:55:36] [Server thread/WARN]: [MythicMobs] Error initializing default entity magic values. Please report this.
[17:55:36] [Server thread/WARN]: java.lang.NullPointerException: Cannot invoke "org.bukkit.entity.EntityType.getEntityClass()" because "type" is null
[17:55:36] [Server thread/WARN]: 	at org.bukkit.RegionAccessor.spawnEntity(RegionAccessor.java:407)
[17:55:36] [Server thread/WARN]: 	at MythicMobs-5.8.0-SNAPSHOT.jar//io.lumine.mythic.bukkit.adapters.BukkitEntityType.spawnEntity(BukkitEntityType.java:69)
[17:55:36] [Server thread/WARN]: 	at MythicMobs-5.8.0-SNAPSHOT.jar//io.lumine.mythic.bukkit.entities.BukkitCustom.spawn(BukkitCustom.java:37)
[17:55:36] [Server thread/WARN]: 	at MythicMobs-5.8.0-SNAPSHOT.jar//io.lumine.mythic.api.mobs.entities.MythicEntityType.initializeDefaultValues(MythicEntityType.java:161)
[17:55:36] [Server thread/WARN]: 	at MythicMobs-5.8.0-SNAPSHOT.jar//io.lumine.mythic.bukkit.BukkitBootstrap.initializeMagicEntityValues(BukkitBootstrap.java:472)
[17:55:36] [Server thread/WARN]: 	at MythicMobs-5.8.0-SNAPSHOT.jar//io.lumine.mythic.bukkit.utils.Delegates$RunnableToSupplier.get(Delegates.java:121)
[17:55:36] [Server thread/WARN]: 	at MythicMobs-5.8.0-SNAPSHOT.jar//io.lumine.mythic.bukkit.utils.promise.LuminePromise$SupplyRunnable.run(LuminePromise.java:654)
[17:55:36] [Server thread/WARN]: 	at MythicMobs-5.8.0-SNAPSHOT.jar//io.lumine.mythic.bukkit.utils.tasks.LumineExecutors$SchedulerWrappedRunnable.run(LumineExecutors.java:70)
[17:55:36] [Server thread/WARN]: 	at org.bukkit.craftbukkit.scheduler.CraftTask.run(CraftTask.java:78)
[17:55:36] [Server thread/WARN]: 	at org.bukkit.craftbukkit.scheduler.CraftScheduler.mainThreadHeartbeat(CraftScheduler.java:474)
[17:55:36] [Server thread/WARN]: 	at net.minecraft.server.MinecraftServer.runServer(MinecraftServer.java:1175)
[17:55:36] [Server thread/WARN]: 	at net.minecraft.server.MinecraftServer.lambda$spin$2(MinecraftServer.java:310)
[17:55:36] [Server thread/WARN]: 	at java.base/java.lang.Thread.run(Thread.java:1583)
[17:55:36] [Server thread/WARN]: [MythicMobs] Error initializing default entity magic values. Please report this.
[17:55:36] [Server thread/WARN]: java.lang.NullPointerException: Cannot invoke "org.bukkit.entity.EntityType.getEntityClass()" because "type" is null
[17:55:36] [Server thread/WARN]: 	at org.bukkit.RegionAccessor.spawnEntity(RegionAccessor.java:407)
[17:55:36] [Server thread/WARN]: 	at MythicMobs-5.8.0-SNAPSHOT.jar//io.lumine.mythic.bukkit.adapters.BukkitEntityType.spawnEntity(BukkitEntityType.java:69)
[17:55:36] [Server thread/WARN]: 	at MythicMobs-5.8.0-SNAPSHOT.jar//io.lumine.mythic.bukkit.entities.BukkitCustom.spawn(BukkitCustom.java:37)
[17:55:36] [Server thread/WARN]: 	at MythicMobs-5.8.0-SNAPSHOT.jar//io.lumine.mythic.api.mobs.entities.MythicEntityType.initializeDefaultValues(MythicEntityType.java:161)
[17:55:36] [Server thread/WARN]: 	at MythicMobs-5.8.0-SNAPSHOT.jar//io.lumine.mythic.bukkit.BukkitBootstrap.initializeMagicEntityValues(BukkitBootstrap.java:472)
[17:55:36] [Server thread/WARN]: 	at MythicMobs-5.8.0-SNAPSHOT.jar//io.lumine.mythic.bukkit.utils.Delegates$RunnableToSupplier.get(Delegates.java:121)
[17:55:36] [Server thread/WARN]: 	at MythicMobs-5.8.0-SNAPSHOT.jar//io.lumine.mythic.bukkit.utils.promise.LuminePromise$SupplyRunnable.run(LuminePromise.java:654)
[17:55:36] [Server thread/WARN]: 	at MythicMobs-5.8.0-SNAPSHOT.jar//io.lumine.mythic.bukkit.utils.tasks.LumineExecutors$SchedulerWrappedRunnable.run(LumineExecutors.java:70)
[17:55:36] [Server thread/WARN]: 	at org.bukkit.craftbukkit.scheduler.CraftTask.run(CraftTask.java:78)
[17:55:36] [Server thread/WARN]: 	at org.bukkit.craftbukkit.scheduler.CraftScheduler.mainThreadHeartbeat(CraftScheduler.java:474)
[17:55:36] [Server thread/WARN]: 	at net.minecraft.server.MinecraftServer.runServer(MinecraftServer.java:1175)
[17:55:36] [Server thread/WARN]: 	at net.minecraft.server.MinecraftServer.lambda$spin$2(MinecraftServer.java:310)
[17:55:36] [Server thread/WARN]: 	at java.base/java.lang.Thread.run(Thread.java:1583)
[17:55:36] [Server thread/WARN]: [MythicMobs] Error initializing default entity magic values. Please report this.
[17:55:36] [Server thread/WARN]: java.lang.NullPointerException: Cannot invoke "org.bukkit.entity.EntityType.getEntityClass()" because "type" is null
[17:55:36] [Server thread/WARN]: 	at org.bukkit.RegionAccessor.spawnEntity(RegionAccessor.java:407)
[17:55:36] [Server thread/WARN]: 	at MythicMobs-5.8.0-SNAPSHOT.jar//io.lumine.mythic.bukkit.adapters.BukkitEntityType.spawnEntity(BukkitEntityType.java:69)
[17:55:36] [Server thread/WARN]: 	at MythicMobs-5.8.0-SNAPSHOT.jar//io.lumine.mythic.bukkit.entities.BukkitCustom.spawn(BukkitCustom.java:37)
[17:55:36] [Server thread/WARN]: 	at MythicMobs-5.8.0-SNAPSHOT.jar//io.lumine.mythic.api.mobs.entities.MythicEntityType.initializeDefaultValues(MythicEntityType.java:161)
[17:55:36] [Server thread/WARN]: 	at MythicMobs-5.8.0-SNAPSHOT.jar//io.lumine.mythic.bukkit.BukkitBootstrap.initializeMagicEntityValues(BukkitBootstrap.java:472)
[17:55:36] [Server thread/WARN]: 	at MythicMobs-5.8.0-SNAPSHOT.jar//io.lumine.mythic.bukkit.utils.Delegates$RunnableToSupplier.get(Delegates.java:121)
[17:55:36] [Server thread/WARN]: 	at MythicMobs-5.8.0-SNAPSHOT.jar//io.lumine.mythic.bukkit.utils.promise.LuminePromise$SupplyRunnable.run(LuminePromise.java:654)
[17:55:36] [Server thread/WARN]: 	at MythicMobs-5.8.0-SNAPSHOT.jar//io.lumine.mythic.bukkit.utils.tasks.LumineExecutors$SchedulerWrappedRunnable.run(LumineExecutors.java:70)
[17:55:36] [Server thread/WARN]: 	at org.bukkit.craftbukkit.scheduler.CraftTask.run(CraftTask.java:78)
[17:55:36] [Server thread/WARN]: 	at org.bukkit.craftbukkit.scheduler.CraftScheduler.mainThreadHeartbeat(CraftScheduler.java:474)
[17:55:36] [Server thread/WARN]: 	at net.minecraft.server.MinecraftServer.runServer(MinecraftServer.java:1175)
[17:55:36] [Server thread/WARN]: 	at net.minecraft.server.MinecraftServer.lambda$spin$2(MinecraftServer.java:310)
[17:55:36] [Server thread/WARN]: 	at java.base/java.lang.Thread.run(Thread.java:1583)
[17:55:36] [Craft Scheduler Thread - 1 - ModelEngine/INFO]: [ModelEngine] [A] 
[17:55:36] [Craft Scheduler Thread - 1 - ModelEngine/INFO]: [ModelEngine] [A] Resource pack zipped.
[17:55:36] [Craft Scheduler Thread - 1 - ModelEngine/INFO]: [ModelEngine] [A] Generator Profiled:
[17:55:36] [Craft Scheduler Thread - 1 - ModelEngine/INFO]: [ModelEngine] [A]  - Import Phase: 831,8ms
[17:55:36] [Craft Scheduler Thread - 1 - ModelEngine/INFO]: [ModelEngine] [A]  - Assets Phase: 288,3ms
[17:55:36] [Craft Scheduler Thread - 1 - ModelEngine/INFO]: [ModelEngine] [A]  - Zipping Phase: 254,2ms
[17:55:36] [Server thread/INFO]: Done (46.131s)! For help, type "help"
[17:56:09] [User Authenticator #0/INFO]: UUID of player C2gl is ac59ab29-63a9-4865-912e-ab25be6efa08
[17:56:10] [Server thread/INFO]: C2gl joined the game
[17:56:10] [Server thread/INFO]: C2gl[/127.0.0.1:59451] logged in with entity id 202 at ([world]77.75120995486911, 64.73892925053299, -10.567476237588222)
[17:58:20] [Server thread/INFO]: C2gl issued server command: /meg summon forester
[18:02:10] [Server thread/INFO]: Named entity WitherSkeleton['Skeletal Knight'/8577, uuid='93022c81-7366-44b5-afaa-2101025c88c8', l='ServerLevel[world]', x=-5.50, y=39.00, z=-11.50, cpos=[-1, -1], tl=426, v=true] died: Skeletal Knight suffocated in a wall
[18:02:57] [Server thread/INFO]: C2gl lost connection: Disconnected
[18:02:57] [Server thread/INFO]: C2gl left the game
[18:03:05] [Server thread/INFO]: Stopping the server
[18:03:05] [Server thread/INFO]: Stopping server
[18:03:05] [Server thread/INFO]: [ModelEngine] Disabling ModelEngine vR4.0.8
[18:03:05] [Server thread/INFO]: [MythicMobs] Disabling MythicMobs v5.8.0-SNAPSHOT-571bd8e1
[18:03:05] [Server thread/INFO]: [MythicMobs] ------------------------------------------------------------
[18:03:05] [Server thread/INFO]: [MythicMobs] - 
[18:03:05] [Server thread/INFO]: [MythicMobs] - Unloading Mythic...
[18:03:05] [Server thread/INFO]: [MythicMobs] - 
[18:03:05] [Server thread/INFO]: [MythicMobs] ------------------------------------------------------------
[18:03:05] [Server thread/INFO]: [MythicMobs] - Spawners saved and unloaded...
[18:03:05] [Server thread/INFO]: [MythicMobs] - Mobs saved and unloaded...
[18:03:05] [Server thread/INFO]: [MythicMobs] Saving plugin data...
[18:03:05] [Server thread/INFO]: [MythicMobs] ✓Saving Finished
[18:03:05] [Server thread/INFO]: [MythicMobs] - Variables saved...
[18:03:05] [Server thread/INFO]: [MythicMobs] - All active settings have been saved!
[18:03:05] [Server thread/INFO]: [MythicMobs] - Mythic has been unloaded!
[18:03:05] [Server thread/INFO]: [MythicMobs] ------------------------------------------------------------
[18:03:05] [Server thread/INFO]: [MythicMobs] Saving plugin data...
[18:03:05] [Server thread/INFO]: [MythicMobs] ✓Saving Finished
[18:03:05] [Server thread/INFO]: Saving players
[18:03:05] [Server thread/INFO]: Saving worlds
[18:03:05] [Server thread/INFO]: Saving chunks for level 'ServerLevel[world]'/minecraft:overworld
[18:03:05] [Server thread/INFO]: [ChunkHolderManager] Waiting 60s for chunk system to halt for world 'world'
[18:03:05] [Server thread/INFO]: [ChunkHolderManager] Halted chunk system for world 'world'
[18:03:05] [Server thread/INFO]: [ChunkHolderManager] Saving all chunkholders for world 'world'
[18:03:05] [Server thread/INFO]: [ChunkHolderManager] Saved 78 block chunks, 167 entity chunks, 0 poi chunks in world 'world' in 0,10s
[18:03:05] [Server thread/INFO]: [ChunkHolderManager] Waiting 60s for chunk I/O to halt for world 'world'
[18:03:05] [Server thread/INFO]: [ChunkHolderManager] Halted I/O scheduler for world 'world'
[18:03:05] [Server thread/INFO]: Saving chunks for level 'ServerLevel[world_nether]'/minecraft:the_nether
[18:03:05] [Server thread/INFO]: [ChunkHolderManager] Waiting 60s for chunk system to halt for world 'world_nether'
[18:03:05] [Server thread/INFO]: [ChunkHolderManager] Halted chunk system for world 'world_nether'
[18:03:05] [Server thread/INFO]: [ChunkHolderManager] Saving all chunkholders for world 'world_nether'
[18:03:05] [Server thread/INFO]: [ChunkHolderManager] Saved 0 block chunks, 3 entity chunks, 0 poi chunks in world 'world_nether' in 0,01s
[18:03:05] [Server thread/INFO]: [ChunkHolderManager] Waiting 60s for chunk I/O to halt for world 'world_nether'
[18:03:05] [Server thread/INFO]: [ChunkHolderManager] Halted I/O scheduler for world 'world_nether'
[18:03:05] [Server thread/INFO]: Saving chunks for level 'ServerLevel[world_the_end]'/minecraft:the_end
[18:03:05] [Server thread/INFO]: [ChunkHolderManager] Waiting 60s for chunk system to halt for world 'world_the_end'
[18:03:05] [Server thread/INFO]: [ChunkHolderManager] Halted chunk system for world 'world_the_end'
[18:03:05] [Server thread/INFO]: [ChunkHolderManager] Saving all chunkholders for world 'world_the_end'
[18:03:05] [Server thread/INFO]: [ChunkHolderManager] Saved 0 block chunks, 10 entity chunks, 0 poi chunks in world 'world_the_end' in 0,02s
[18:03:05] [Server thread/INFO]: [ChunkHolderManager] Waiting 60s for chunk I/O to halt for world 'world_the_end'
[18:03:05] [Server thread/INFO]: [ChunkHolderManager] Halted I/O scheduler for world 'world_the_end'
[18:03:05] [Server thread/INFO]: ThreadedAnvilChunkStorage (world): All chunks are saved
[18:03:05] [Server thread/INFO]: ThreadedAnvilChunkStorage (DIM-1): All chunks are saved
[18:03:05] [Server thread/INFO]: ThreadedAnvilChunkStorage (DIM1): All chunks are saved
[18:03:05] [Server thread/INFO]: ThreadedAnvilChunkStorage: All dimensions are saved
[18:03:05] [Server thread/INFO]: Waiting for I/O tasks to complete...
[18:03:05] [Server thread/INFO]: All I/O tasks to complete
[18:03:05] [Server thread/INFO]: [MoonriseCommon] Awaiting termination of worker pool for up to 60s...
[18:03:05] [Server thread/INFO]: [MoonriseCommon] Awaiting termination of I/O pool for up to 60s...
